<?xml version="1.0" encoding="UTF-8"?>
<testsuite name="SILab2Test" tests="2" skipped="0" failures="0" errors="0" timestamp="2023-05-28T20:23:32" hostname="DESKTOP-AR0RPB6" time="0.028">
  <properties/>
  <testcase name="testBranch()" classname="SILab2Test" time="0.026"/>
  <testcase name="multipleCondition()" classname="SILab2Test" time="0.001"/>
  <system-out><![CDATA[]]></system-out>
  <system-err><![CDATA[]]></system-err>
</testsuite>
